[14:30:53] [main/INFO]: Setting user: Player213
[14:30:54] [Client thread/INFO]: LWJGL Version: 2.9.1
[14:31:06] [Client thread/INFO]: Reloading ResourceManager: Default, FMLFileResourcePack:Forge Mod Loader, FMLFileResourcePack:Minecraft Forge, FMLFileResourcePack:BlockMakerMod Mod
[14:31:08] [Sound Library Loader/INFO]: Sound engine started
[14:31:09] [Client thread/INFO]: Created: 16x16 textures/blocks-atlas
[14:31:09] [Client thread/INFO]: Created: 16x16 textures/items-atlas
[14:31:09] [Client thread/INFO]: Reloading ResourceManager: Default, FMLFileResourcePack:Forge Mod Loader, FMLFileResourcePack:Minecraft Forge, FMLFileResourcePack:BlockMakerMod Mod
[14:31:09] [Client thread/INFO]: Created: 512x256 textures/blocks-atlas
[14:31:10] [Client thread/INFO]: Created: 256x256 textures/items-atlas
[14:31:11] [Sound Library Loader/INFO]: Sound engine started
[14:31:15] [Server thread/INFO]: Starting integrated minecraft server version 1.7.10
[14:31:15] [Server thread/INFO]: Generating keypair
[14:31:15] [Server thread/INFO]: Preparing start region for level 0
[14:31:16] [Server thread/INFO]: Changing view distance to 12, from 10
[14:31:16] [Server thread/INFO]: Player213[local:E:53daa8da] logged in with entity id 0 at (1297.1563834316523, 56.0, 1275.0144685092046)
[14:31:16] [Server thread/INFO]: Player213 joined the game
[14:31:20] [Server thread/INFO]: Saving and pausing game...
[14:31:20] [Server thread/INFO]: Saving chunks for level 'New World'/Overworld
[14:31:20] [Server thread/INFO]: Saving chunks for level 'New World'/Nether
[14:31:20] [Server thread/INFO]: Saving chunks for level 'New World'/The End
[14:31:21] [Server thread/INFO]: Stopping server
[14:31:21] [Server thread/INFO]: Saving players
[14:31:21] [Server thread/INFO]: Saving worlds
[14:31:21] [Server thread/INFO]: Saving chunks for level 'New World'/Overworld
[14:31:21] [Server thread/INFO]: Saving chunks for level 'New World'/Nether
[14:31:21] [Server thread/INFO]: Saving chunks for level 'New World'/The End
[14:31:22] [Client thread/INFO]: Stopping!
